Fri May 09 17:20:30 IST 2008  [debug] AvalonLogSystem initialized using logfile 'velocity.log'
Fri May 09 17:20:30 IST 2008   [info] ************************************************************** 
Fri May 09 17:20:30 IST 2008   [info] Starting Jakarta Velocity v1.4
Fri May 09 17:20:30 IST 2008   [info] RuntimeInstance initializing.
Fri May 09 17:20:30 IST 2008   [info] Default Properties File: org\apache\velocity\runtime\defaults\velocity.properties
Fri May 09 17:20:30 IST 2008   [info] Trying to use logger class org.apache.velocity.runtime.log.AvalonLogSystem
Fri May 09 17:20:30 IST 2008   [info] Using logger class org.apache.velocity.runtime.log.AvalonLogSystem
Fri May 09 17:20:30 IST 2008   [info] Default ResourceManager initializing. (class org.apache.velocity.runtime.resource.ResourceManagerImpl)
Fri May 09 17:20:30 IST 2008   [info] Resource Loader Instantiated: org.apache.velocity.runtime.resource.loader.ClasspathResourceLoader
Fri May 09 17:20:30 IST 2008   [info] ClasspathResourceLoader : initialization starting.
Fri May 09 17:20:30 IST 2008   [info] ClasspathResourceLoader : initialization complete.
Fri May 09 17:20:30 IST 2008   [info] ResourceCache : initialized. (class org.apache.velocity.runtime.resource.ResourceCacheImpl)
Fri May 09 17:20:30 IST 2008   [info] Default ResourceManager initialization complete.
Fri May 09 17:20:30 IST 2008   [info] Loaded System Directive: org.apache.velocity.runtime.directive.Literal
Fri May 09 17:20:30 IST 2008   [info] Loaded System Directive: org.apache.velocity.runtime.directive.Macro
Fri May 09 17:20:30 IST 2008   [info] Loaded System Directive: org.apache.velocity.runtime.directive.Parse
Fri May 09 17:20:30 IST 2008   [info] Loaded System Directive: org.apache.velocity.runtime.directive.Include
Fri May 09 17:20:30 IST 2008   [info] Loaded System Directive: org.apache.velocity.runtime.directive.Foreach
Fri May 09 17:20:30 IST 2008   [info] Created: 20 parsers.
Fri May 09 17:20:30 IST 2008   [info] Velocimacro : initialization starting.
Fri May 09 17:20:30 IST 2008   [info] Velocimacro : adding VMs from VM library template : VM_global_library.vm
Fri May 09 17:20:30 IST 2008  [error] ResourceManager : unable to find resource 'VM_global_library.vm' in any resource loader.
Fri May 09 17:20:30 IST 2008   [info] Velocimacro : error using  VM library template VM_global_library.vm : org.apache.velocity.exception.ResourceNotFoundException: Unable to find resource 'VM_global_library.vm'
Fri May 09 17:20:30 IST 2008   [info] Velocimacro :  VM library template macro registration complete.
Fri May 09 17:20:30 IST 2008   [info] Velocimacro : allowInline = true : VMs can be defined inline in templates
Fri May 09 17:20:30 IST 2008   [info] Velocimacro : allowInlineToOverride = false : VMs defined inline may NOT replace previous VM definitions
Fri May 09 17:20:30 IST 2008   [info] Velocimacro : allowInlineLocal = false : VMs defined inline will be  global in scope if allowed.
Fri May 09 17:20:30 IST 2008   [info] Velocimacro : messages on  : VM system will output logging messages
Fri May 09 17:20:30 IST 2008   [info] Velocimacro : autoload off  : VM system will not automatically reload global library macros
Fri May 09 17:20:30 IST 2008   [info] Velocimacro : initialization complete.
Fri May 09 17:20:30 IST 2008   [info] Velocity successfully started.
Fri May 09 17:20:30 IST 2008   [info] ResourceManager : found org/netbeans/modules/sql/framework/codegen/base/config/sourceTable.vm with loader org.apache.velocity.runtime.resource.loader.ClasspathResourceLoader
Fri May 09 17:20:30 IST 2008   [info] ResourceManager : found org/netbeans/modules/sql/framework/codegen/base/config/sourceTable.vm with loader org.apache.velocity.runtime.resource.loader.ClasspathResourceLoader
Fri May 09 17:20:30 IST 2008   [info] ResourceManager : found org/netbeans/modules/sql/framework/codegen/base/config/sourceTable.vm with loader org.apache.velocity.runtime.resource.loader.ClasspathResourceLoader
Fri May 09 17:20:30 IST 2008   [info] ResourceManager : found org/netbeans/modules/sql/framework/codegen/base/config/sourceTable.vm with loader org.apache.velocity.runtime.resource.loader.ClasspathResourceLoader
Fri May 09 17:20:30 IST 2008   [info] ResourceManager : found org/netbeans/modules/sql/framework/codegen/axion/config/select.vm with loader org.apache.velocity.runtime.resource.loader.ClasspathResourceLoader
Fri May 09 17:20:30 IST 2008   [info] ResourceManager : found org/netbeans/modules/sql/framework/codegen/base/config/from.vm with loader org.apache.velocity.runtime.resource.loader.ClasspathResourceLoader
Fri May 09 17:20:30 IST 2008   [info] ResourceManager : found org/netbeans/modules/sql/framework/codegen/base/config/sourceTable.vm with loader org.apache.velocity.runtime.resource.loader.ClasspathResourceLoader
Fri May 09 17:20:30 IST 2008   [info] ResourceManager : found org/netbeans/modules/sql/framework/codegen/base/config/rowCount.vm with loader org.apache.velocity.runtime.resource.loader.ClasspathResourceLoader
Fri May 09 17:55:13 IST 2008   [info] ResourceManager : found org/netbeans/modules/sql/framework/codegen/base/config/targetTable.vm with loader org.apache.velocity.runtime.resource.loader.ClasspathResourceLoader
Fri May 09 17:55:13 IST 2008   [info] ResourceManager : found org/netbeans/modules/sql/framework/codegen/base/config/targetTable.vm with loader org.apache.velocity.runtime.resource.loader.ClasspathResourceLoader
Fri May 09 17:55:13 IST 2008   [info] ResourceManager : found org/netbeans/modules/sql/framework/codegen/base/config/targetTable.vm with loader org.apache.velocity.runtime.resource.loader.ClasspathResourceLoader
Fri May 09 17:55:13 IST 2008   [info] ResourceManager : found org/netbeans/modules/sql/framework/codegen/base/config/targetTable.vm with loader org.apache.velocity.runtime.resource.loader.ClasspathResourceLoader
Fri May 09 17:55:13 IST 2008   [info] ResourceManager : found org/netbeans/modules/sql/framework/codegen/base/config/targetTable.vm with loader org.apache.velocity.runtime.resource.loader.ClasspathResourceLoader
Fri May 09 17:55:13 IST 2008   [info] ResourceManager : found org/netbeans/modules/sql/framework/codegen/base/config/select.vm with loader org.apache.velocity.runtime.resource.loader.ClasspathResourceLoader
Fri May 09 17:55:13 IST 2008   [info] ResourceManager : found org/netbeans/modules/sql/framework/codegen/base/config/from.vm with loader org.apache.velocity.runtime.resource.loader.ClasspathResourceLoader
Fri May 09 17:55:13 IST 2008   [info] ResourceManager : found org/netbeans/modules/sql/framework/codegen/base/config/targetTable.vm with loader org.apache.velocity.runtime.resource.loader.ClasspathResourceLoader
Fri May 09 17:55:13 IST 2008   [info] ResourceManager : found org/netbeans/modules/sql/framework/codegen/base/config/rowCount.vm with loader org.apache.velocity.runtime.resource.loader.ClasspathResourceLoader
Fri May 09 17:55:15 IST 2008   [info] ResourceManager : found org/netbeans/modules/sql/framework/codegen/base/config/targetTable.vm with loader org.apache.velocity.runtime.resource.loader.ClasspathResourceLoader
Fri May 09 17:55:15 IST 2008   [info] ResourceManager : found org/netbeans/modules/sql/framework/codegen/base/config/truncate.vm with loader org.apache.velocity.runtime.resource.loader.ClasspathResourceLoader
Fri May 09 17:55:16 IST 2008   [info] ResourceManager : found org/netbeans/modules/sql/framework/codegen/base/config/targetTable.vm with loader org.apache.velocity.runtime.resource.loader.ClasspathResourceLoader
Fri May 09 17:55:16 IST 2008   [info] ResourceManager : found org/netbeans/modules/sql/framework/codegen/base/config/rowCount.vm with loader org.apache.velocity.runtime.resource.loader.ClasspathResourceLoader
