Thu May 29 18:34:34 IST 2008  [debug] AvalonLogSystem initialized using logfile 'velocity.log'
Thu May 29 18:34:34 IST 2008   [info] ************************************************************** 
Thu May 29 18:34:34 IST 2008   [info] Starting Jakarta Velocity v1.4
Thu May 29 18:34:34 IST 2008   [info] RuntimeInstance initializing.
Thu May 29 18:34:34 IST 2008   [info] Default Properties File: org\apache\velocity\runtime\defaults\velocity.properties
Thu May 29 18:34:34 IST 2008   [info] Trying to use logger class org.apache.velocity.runtime.log.AvalonLogSystem
Thu May 29 18:34:34 IST 2008   [info] Using logger class org.apache.velocity.runtime.log.AvalonLogSystem
Thu May 29 18:34:34 IST 2008   [info] Default ResourceManager initializing. (class org.apache.velocity.runtime.resource.ResourceManagerImpl)
Thu May 29 18:34:34 IST 2008   [info] Resource Loader Instantiated: org.apache.velocity.runtime.resource.loader.ClasspathResourceLoader
Thu May 29 18:34:34 IST 2008   [info] ClasspathResourceLoader : initialization starting.
Thu May 29 18:34:34 IST 2008   [info] ClasspathResourceLoader : initialization complete.
Thu May 29 18:34:34 IST 2008   [info] ResourceCache : initialized. (class org.apache.velocity.runtime.resource.ResourceCacheImpl)
Thu May 29 18:34:34 IST 2008   [info] Default ResourceManager initialization complete.
Thu May 29 18:34:34 IST 2008   [info] Loaded System Directive: org.apache.velocity.runtime.directive.Literal
Thu May 29 18:34:34 IST 2008   [info] Loaded System Directive: org.apache.velocity.runtime.directive.Macro
Thu May 29 18:34:34 IST 2008   [info] Loaded System Directive: org.apache.velocity.runtime.directive.Parse
Thu May 29 18:34:34 IST 2008   [info] Loaded System Directive: org.apache.velocity.runtime.directive.Include
Thu May 29 18:34:34 IST 2008   [info] Loaded System Directive: org.apache.velocity.runtime.directive.Foreach
Thu May 29 18:34:34 IST 2008   [info] Created: 20 parsers.
Thu May 29 18:34:34 IST 2008   [info] Velocimacro : initialization starting.
Thu May 29 18:34:34 IST 2008   [info] Velocimacro : adding VMs from VM library template : VM_global_library.vm
Thu May 29 18:34:34 IST 2008  [error] ResourceManager : unable to find resource 'VM_global_library.vm' in any resource loader.
Thu May 29 18:34:34 IST 2008   [info] Velocimacro : error using  VM library template VM_global_library.vm : org.apache.velocity.exception.ResourceNotFoundException: Unable to find resource 'VM_global_library.vm'
Thu May 29 18:34:34 IST 2008   [info] Velocimacro :  VM library template macro registration complete.
Thu May 29 18:34:34 IST 2008   [info] Velocimacro : allowInline = true : VMs can be defined inline in templates
Thu May 29 18:34:34 IST 2008   [info] Velocimacro : allowInlineToOverride = false : VMs defined inline may NOT replace previous VM definitions
Thu May 29 18:34:34 IST 2008   [info] Velocimacro : allowInlineLocal = false : VMs defined inline will be  global in scope if allowed.
Thu May 29 18:34:34 IST 2008   [info] Velocimacro : messages on  : VM system will output logging messages
Thu May 29 18:34:34 IST 2008   [info] Velocimacro : autoload off  : VM system will not automatically reload global library macros
Thu May 29 18:34:34 IST 2008   [info] Velocimacro : initialization complete.
Thu May 29 18:34:34 IST 2008   [info] Velocity successfully started.
Thu May 29 18:34:34 IST 2008   [info] ResourceManager : found org/netbeans/modules/sql/framework/codegen/base/config/sourceTable.vm with loader org.apache.velocity.runtime.resource.loader.ClasspathResourceLoader
Thu May 29 18:34:34 IST 2008   [info] ResourceManager : found org/netbeans/modules/sql/framework/codegen/base/config/sourceTable.vm with loader org.apache.velocity.runtime.resource.loader.ClasspathResourceLoader
Thu May 29 18:34:34 IST 2008   [info] ResourceManager : found org/netbeans/modules/sql/framework/codegen/base/config/sourceTable.vm with loader org.apache.velocity.runtime.resource.loader.ClasspathResourceLoader
Thu May 29 18:34:34 IST 2008   [info] ResourceManager : found org/netbeans/modules/sql/framework/codegen/base/config/sourceTable.vm with loader org.apache.velocity.runtime.resource.loader.ClasspathResourceLoader
Thu May 29 18:34:34 IST 2008   [info] ResourceManager : found org/netbeans/modules/sql/framework/codegen/base/config/sourceTable.vm with loader org.apache.velocity.runtime.resource.loader.ClasspathResourceLoader
Thu May 29 18:34:34 IST 2008   [info] ResourceManager : found org/netbeans/modules/sql/framework/codegen/base/config/select.vm with loader org.apache.velocity.runtime.resource.loader.ClasspathResourceLoader
Thu May 29 18:34:34 IST 2008   [info] ResourceManager : found org/netbeans/modules/sql/framework/codegen/base/config/from.vm with loader org.apache.velocity.runtime.resource.loader.ClasspathResourceLoader
