Tue Mar 18 12:19:18 IST 2008  [debug] AvalonLogSystem initialized using logfile 'velocity.log'
Tue Mar 18 12:19:18 IST 2008   [info] ************************************************************** 
Tue Mar 18 12:19:18 IST 2008   [info] Starting Jakarta Velocity v1.4
Tue Mar 18 12:19:18 IST 2008   [info] RuntimeInstance initializing.
Tue Mar 18 12:19:18 IST 2008   [info] Default Properties File: org\apache\velocity\runtime\defaults\velocity.properties
Tue Mar 18 12:19:18 IST 2008   [info] Trying to use logger class org.apache.velocity.runtime.log.AvalonLogSystem
Tue Mar 18 12:19:18 IST 2008   [info] Using logger class org.apache.velocity.runtime.log.AvalonLogSystem
Tue Mar 18 12:19:18 IST 2008   [info] Default ResourceManager initializing. (class org.apache.velocity.runtime.resource.ResourceManagerImpl)
Tue Mar 18 12:19:18 IST 2008   [info] Resource Loader Instantiated: org.apache.velocity.runtime.resource.loader.ClasspathResourceLoader
Tue Mar 18 12:19:18 IST 2008   [info] ClasspathResourceLoader : initialization starting.
Tue Mar 18 12:19:18 IST 2008   [info] ClasspathResourceLoader : initialization complete.
Tue Mar 18 12:19:18 IST 2008   [info] ResourceCache : initialized. (class org.apache.velocity.runtime.resource.ResourceCacheImpl)
Tue Mar 18 12:19:18 IST 2008   [info] Default ResourceManager initialization complete.
Tue Mar 18 12:19:18 IST 2008   [info] Loaded System Directive: org.apache.velocity.runtime.directive.Literal
Tue Mar 18 12:19:18 IST 2008   [info] Loaded System Directive: org.apache.velocity.runtime.directive.Macro
Tue Mar 18 12:19:19 IST 2008   [info] Loaded System Directive: org.apache.velocity.runtime.directive.Parse
Tue Mar 18 12:19:19 IST 2008   [info] Loaded System Directive: org.apache.velocity.runtime.directive.Include
Tue Mar 18 12:19:19 IST 2008   [info] Loaded System Directive: org.apache.velocity.runtime.directive.Foreach
Tue Mar 18 12:19:19 IST 2008   [info] Created: 20 parsers.
Tue Mar 18 12:19:19 IST 2008   [info] Velocimacro : initialization starting.
Tue Mar 18 12:19:19 IST 2008   [info] Velocimacro : adding VMs from VM library template : VM_global_library.vm
Tue Mar 18 12:19:19 IST 2008  [error] ResourceManager : unable to find resource 'VM_global_library.vm' in any resource loader.
Tue Mar 18 12:19:19 IST 2008   [info] Velocimacro : error using  VM library template VM_global_library.vm : org.apache.velocity.exception.ResourceNotFoundException: Unable to find resource 'VM_global_library.vm'
Tue Mar 18 12:19:19 IST 2008   [info] Velocimacro :  VM library template macro registration complete.
Tue Mar 18 12:19:19 IST 2008   [info] Velocimacro : allowInline = true : VMs can be defined inline in templates
Tue Mar 18 12:19:19 IST 2008   [info] Velocimacro : allowInlineToOverride = false : VMs defined inline may NOT replace previous VM definitions
Tue Mar 18 12:19:19 IST 2008   [info] Velocimacro : allowInlineLocal = false : VMs defined inline will be  global in scope if allowed.
Tue Mar 18 12:19:19 IST 2008   [info] Velocimacro : messages on  : VM system will output logging messages
Tue Mar 18 12:19:19 IST 2008   [info] Velocimacro : autoload off  : VM system will not automatically reload global library macros
Tue Mar 18 12:19:19 IST 2008   [info] Velocimacro : initialization complete.
Tue Mar 18 12:19:19 IST 2008   [info] Velocity successfully started.
Tue Mar 18 12:19:19 IST 2008   [info] ResourceManager : found org/netbeans/modules/sql/framework/codegen/base/config/targetTable.vm with loader org.apache.velocity.runtime.resource.loader.ClasspathResourceLoader
Tue Mar 18 12:19:19 IST 2008   [info] ResourceManager : found org/netbeans/modules/sql/framework/codegen/base/config/targetTable.vm with loader org.apache.velocity.runtime.resource.loader.ClasspathResourceLoader
Tue Mar 18 12:19:19 IST 2008   [info] ResourceManager : found org/netbeans/modules/sql/framework/codegen/base/config/literal.vm with loader org.apache.velocity.runtime.resource.loader.ClasspathResourceLoader
Tue Mar 18 12:19:19 IST 2008   [info] ResourceManager : found org/netbeans/modules/sql/framework/codegen/base/config/literal.vm with loader org.apache.velocity.runtime.resource.loader.ClasspathResourceLoader
Tue Mar 18 12:19:19 IST 2008   [info] ResourceManager : found org/netbeans/modules/sql/framework/codegen/base/config/sourceTable.vm with loader org.apache.velocity.runtime.resource.loader.ClasspathResourceLoader
Tue Mar 18 12:19:19 IST 2008   [info] ResourceManager : found org/netbeans/modules/sql/framework/codegen/base/config/sourceTable.vm with loader org.apache.velocity.runtime.resource.loader.ClasspathResourceLoader
Tue Mar 18 12:19:19 IST 2008   [info] ResourceManager : found org/netbeans/modules/sql/framework/codegen/axion/config/join.vm with loader org.apache.velocity.runtime.resource.loader.ClasspathResourceLoader
Tue Mar 18 12:19:19 IST 2008   [info] ResourceManager : found org/netbeans/modules/sql/framework/codegen/axion/config/insertSelect.vm with loader org.apache.velocity.runtime.resource.loader.ClasspathResourceLoader
Tue Mar 18 12:19:19 IST 2008  [error] RHS of #set statement is null. Context will not be modified. org/netbeans/modules/sql/framework/codegen/axion/config/insertSelect.vm [line 19, column 1]
Tue Mar 18 12:19:19 IST 2008  [error] Left side ($conditionQualifier) of '!=' operation has null value. Operation not possible. org/netbeans/modules/sql/framework/codegen/axion/config/insertSelect.vm [line 21, column 35]
Tue Mar 18 12:19:19 IST 2008   [info] ResourceManager : found org/netbeans/modules/sql/framework/codegen/base/config/select.vm with loader org.apache.velocity.runtime.resource.loader.ClasspathResourceLoader
Tue Mar 18 12:19:19 IST 2008   [info] ResourceManager : found org/netbeans/modules/sql/framework/codegen/base/config/from.vm with loader org.apache.velocity.runtime.resource.loader.ClasspathResourceLoader
Tue Mar 18 12:19:19 IST 2008   [info] ResourceManager : found org/netbeans/modules/sql/framework/codegen/axion/config/insertStartDateIntoSummaryTable.vm with loader org.apache.velocity.runtime.resource.loader.ClasspathResourceLoader
Tue Mar 18 12:19:19 IST 2008   [info] ResourceManager : found org/netbeans/modules/sql/framework/codegen/base/config/targetTable.vm with loader org.apache.velocity.runtime.resource.loader.ClasspathResourceLoader
Tue Mar 18 12:19:19 IST 2008   [info] ResourceManager : found org/netbeans/modules/sql/framework/codegen/axion/config/selectExecutionIdFromSummaryTable.vm with loader org.apache.velocity.runtime.resource.loader.ClasspathResourceLoader
Tue Mar 18 12:19:19 IST 2008   [info] ResourceManager : found org/netbeans/modules/sql/framework/codegen/base/config/targetTable.vm with loader org.apache.velocity.runtime.resource.loader.ClasspathResourceLoader
Tue Mar 18 12:19:19 IST 2008   [info] ResourceManager : found org/netbeans/modules/sql/framework/codegen/axion/config/createLogSummaryTable.vm with loader org.apache.velocity.runtime.resource.loader.ClasspathResourceLoader
Tue Mar 18 12:19:19 IST 2008   [info] ResourceManager : found org/netbeans/modules/sql/framework/codegen/axion/config/updateEndDateInSummaryTable.vm with loader org.apache.velocity.runtime.resource.loader.ClasspathResourceLoader
Tue Mar 18 12:19:19 IST 2008   [info] ResourceManager : found org/netbeans/modules/sql/framework/codegen/base/config/targetTable.vm with loader org.apache.velocity.runtime.resource.loader.ClasspathResourceLoader
